Removed Pin From Net: NetName=GND Pin=BT1-2
Removed Pin From Net: NetName=GND Pin=C1-2
Removed Pin From Net: NetName=VCC Pin=C2-1
Removed Pin From Net: NetName=GND Pin=C2-2
Removed Pin From Net: NetName=GND Pin=D1-1
Removed Pin From Net: NetName=VCC Pin=D1-2
Removed Pin From Net: NetName=GND Pin=D9-1
Removed Pin From Net: NetName=VCC Pin=L1-1
Removed Pin From Net: NetName=VCC Pin=L1-2
Removed Pin From Net: NetName=Net*_24 Pin=U1-6
Removed Pin From Net: NetName=Net*_26 Pin=U1-10
Removed Pin From Net: NetName=Net*_23 Pin=U1-11
Removed Pin From Net: NetName=Net*_25 Pin=U1-12
Removed Pin From Net: NetName=VCC Pin=U2-2
Removed Pin From Net: NetName=GND Pin=U2-3
Removed Pin From Net: NetName=VCC Pin=U2-4
Removed Pin From Net: NetName=GND Pin=U2-5
Removed Member From Class: ClassName=CAR Member=B1
Removed Member From Class: ClassName=CAR Member=B2
Removed Member From Class: ClassName=CAR Member=BT1
Removed Member From Class: ClassName=CAR Member=C1
Removed Member From Class: ClassName=CAR Member=C2
Removed Member From Class: ClassName=CAR Member=D9
Removed Member From Class: ClassName=CAR Member=D?
Removed Member From Class: ClassName=CAR Member=D?
Removed Member From Class: ClassName=CAR Member=D?
Removed Member From Class: ClassName=CAR Member=D?
Removed Member From Class: ClassName=CAR Member=L1
Removed Member From Class: ClassName=CAR Member=R?
Removed Member From Class: ClassName=CAR Member=R?
Removed Member From Class: ClassName=CAR Member=U2
Change Component DesignItemId : Designator=D1 Old DesignItemId=Diode 1N4001 New DesignItemId=Diode 1N914
Change Component DesignItemId : Designator=D2 Old DesignItemId=Diode New DesignItemId=Diode 1N914
Change Component DesignItemId : Designator=D3 Old DesignItemId=Diode New DesignItemId=Diode 1N914
Change Component DesignItemId : Designator=D4 Old DesignItemId=Diode New DesignItemId=Diode 1N914
Change Component DesignItemId : Designator=D5 Old DesignItemId=Diode New DesignItemId=Diode 1N914
Change Component DesignItemId : Designator=D6 Old DesignItemId=Diode New DesignItemId=Diode 1N914
Change Component DesignItemId : Designator=D7 Old DesignItemId=Diode New DesignItemId=Diode 1N914
Change Component DesignItemId : Designator=D8 Old DesignItemId=Diode New DesignItemId=Diode 1N914
Change Component Footprint: Designator=D1 Old Footprint=DIO10.46-5.3x2.8 New Footprint=DIO7.1-3.9x1.9
Change Component Footprint: Designator=D2 Old Footprint=DSO-C2/X3.3 New Footprint=DIO7.1-3.9x1.9
Change Component Footprint: Designator=D3 Old Footprint=DSO-C2/X3.3 New Footprint=DIO7.1-3.9x1.9
Change Component Footprint: Designator=D4 Old Footprint=DSO-C2/X3.3 New Footprint=DIO7.1-3.9x1.9
Change Component Footprint: Designator=D5 Old Footprint=DSO-C2/X3.3 New Footprint=DIO7.1-3.9x1.9
Change Component Footprint: Designator=D6 Old Footprint=DSO-C2/X3.3 New Footprint=DIO7.1-3.9x1.9
Change Component Footprint: Designator=D7 Old Footprint=DSO-C2/X3.3 New Footprint=DIO7.1-3.9x1.9
Change Component Footprint: Designator=D8 Old Footprint=DSO-C2/X3.3 New Footprint=DIO7.1-3.9x1.9
Change Component Comment : Designator=D2 Old Comment=Diode New Comment=Diode 1N914
Change Component Comment : Designator=D3 Old Comment=Diode New Comment=Diode 1N914
Change Component Comment : Designator=D4 Old Comment=Diode New Comment=Diode 1N914
Change Component Comment : Designator=D5 Old Comment=Diode New Comment=Diode 1N914
Change Component Comment : Designator=D6 Old Comment=Diode New Comment=Diode 1N914
Change Component Comment : Designator=D7 Old Comment=Diode New Comment=Diode 1N914
Change Component Comment : Designator=D8 Old Comment=Diode New Comment=Diode 1N914
Change Component Comment : Designator=D1 Old Comment=Diode BAS70 New Comment=Diode 1N914
Added Component: Designator=P1(HDR1X2)
Added Component: Designator=P2(HDR1X2)
Added Component: Designator=P3(HDR1X2)
Added Component: Designator=P4(HDR1X2)
Added Pin To Net: NetName=GND Pin=D5-1
Added Pin To Net: NetName=GND Pin=P3-2
Added Pin To Net: NetName=VCC Pin=P4-1
Added Pin To Net: NetName=GND Pin=P4-2
Added Pin To Net: NetName=Net*_26 Pin=U1-5
Added Pin To Net: NetName=Net*_25 Pin=U1-7
Added Pin To Net: NetName=Net*_24 Pin=U1-10
Added Pin To Net: NetName=Net*_23 Pin=U1-12
Added Pin To Net: NetName=Net*_21 Pin=*-21
Added Pin To Net: NetName=Net*_21 Pin=U1-11
Added Net: Name=Net*_21
Added Pin To Net: NetName=Net*_22 Pin=*-22
Added Pin To Net: NetName=Net*_22 Pin=U1-6
Added Net: Name=Net*_22
Added Pin To Net: NetName=NetD1_1 Pin=D1-1
Added Pin To Net: NetName=NetD1_1 Pin=D5-2
Added Pin To Net: NetName=NetD1_1 Pin=P1-1
Added Pin To Net: NetName=NetD1_1 Pin=U1-2
Added Net: Name=NetD1_1
Added Pin To Net: NetName=NetD1_2 Pin=D1-2
Added Pin To Net: NetName=NetD1_2 Pin=D2-2
Added Pin To Net: NetName=NetD1_2 Pin=D3-2
Added Pin To Net: NetName=NetD1_2 Pin=D4-2
Added Pin To Net: NetName=NetD1_2 Pin=P3-1
Added Pin To Net: NetName=NetD1_2 Pin=U1-4
Added Net: Name=NetD1_2
Added Pin To Net: NetName=NetD2_1 Pin=D2-1
Added Pin To Net: NetName=NetD2_1 Pin=D6-2
Added Pin To Net: NetName=NetD2_1 Pin=P1-2
Added Pin To Net: NetName=NetD2_1 Pin=U1-3
Added Net: Name=NetD2_1
Added Pin To Net: NetName=NetD3_1 Pin=D3-1
Added Pin To Net: NetName=NetD3_1 Pin=D4-1
Added Pin To Net: NetName=NetD3_1 Pin=D7-2
Added Pin To Net: NetName=NetD3_1 Pin=D8-2
Added Pin To Net: NetName=NetD3_1 Pin=P2-1
Added Pin To Net: NetName=NetD3_1 Pin=U1-13
Added Net: Name=NetD3_1
Added Pin To Net: NetName=NetP2_2 Pin=P2-2
Added Pin To Net: NetName=NetP2_2 Pin=U1-14
Added Net: Name=NetP2_2
Added Pin To Net: NetName=P32 Pin=*-1
Added Pin To Net: NetName=P32 Pin=HC-05-6
Added Net: Name=P32
Added Member To Class: ClassName=CAR Member=Component P1 电机1
Added Member To Class: ClassName=CAR Member=Component P2 电机2
Added Member To Class: ClassName=CAR Member=Component P3 VS12v
Added Member To Class: ClassName=CAR Member=Component P4 VCC 5V 
