Added Component: Designator=*(DIP-40)
Added Component: Designator=B1(RB5-10.5)
Added Component: Designator=B2(RB5-10.5)
Added Component: Designator=BT1(BAT-2)
Added Component: Designator=C1(RAD-0.3)
Added Component: Designator=C2(RAD-0.3)
Added Component: Designator=C3(POLAR0.8)
Added Component: Designator=D1(DIO10.46-5.3x2.8)
Added Component: Designator=HC-05(HDR1X6)
Added Component: Designator=L1(INDC1005AL)
Added Component: Designator=R1(AXIAL-0.4)
Added Component: Designator=S1(SPST-2)
Added Component: Designator=U1(Multiwatt15V)
Added Component: Designator=U2(TS5B_N)
Added Component: Designator=Y1(BCY-W2/D3.1)
Added Pin To Net: NetName=BP Pin=U1-4
Added Net: Name=BP
Added Pin To Net: NetName=GND Pin=*-20
Added Pin To Net: NetName=GND Pin=BT1-2
Added Pin To Net: NetName=GND Pin=C1-1
Added Pin To Net: NetName=GND Pin=C1-2
Added Pin To Net: NetName=GND Pin=C2-1
Added Pin To Net: NetName=GND Pin=C2-2
Added Pin To Net: NetName=GND Pin=D1-1
Added Pin To Net: NetName=GND Pin=HC-05-4
Added Pin To Net: NetName=GND Pin=R1-1
Added Pin To Net: NetName=GND Pin=U1-8
Added Pin To Net: NetName=GND Pin=U2-3
Added Pin To Net: NetName=GND Pin=U2-5
Added Net: Name=GND
Added Pin To Net: NetName=Net*_9 Pin=*-9
Added Pin To Net: NetName=Net*_9 Pin=C3-2
Added Pin To Net: NetName=Net*_9 Pin=R1-2
Added Pin To Net: NetName=Net*_9 Pin=S1-1
Added Net: Name=Net*_9
Added Pin To Net: NetName=Net*_18 Pin=*-18
Added Pin To Net: NetName=Net*_18 Pin=C1-2
Added Pin To Net: NetName=Net*_18 Pin=Y1-1
Added Net: Name=Net*_18
Added Pin To Net: NetName=Net*_19 Pin=*-19
Added Pin To Net: NetName=Net*_19 Pin=C2-2
Added Pin To Net: NetName=Net*_19 Pin=Y1-2
Added Net: Name=Net*_19
Added Pin To Net: NetName=Net*_23 Pin=*-23
Added Pin To Net: NetName=Net*_23 Pin=U1-11
Added Net: Name=Net*_23
Added Pin To Net: NetName=Net*_24 Pin=*-24
Added Pin To Net: NetName=Net*_24 Pin=U1-6
Added Net: Name=Net*_24
Added Pin To Net: NetName=Net*_25 Pin=*-25
Added Pin To Net: NetName=Net*_25 Pin=U1-12
Added Net: Name=Net*_25
Added Pin To Net: NetName=Net*_26 Pin=*-26
Added Pin To Net: NetName=Net*_26 Pin=U1-10
Added Net: Name=Net*_26
Added Pin To Net: NetName=Net*_27 Pin=*-27
Added Pin To Net: NetName=Net*_27 Pin=U1-7
Added Net: Name=Net*_27
Added Pin To Net: NetName=Net*_28 Pin=*-28
Added Pin To Net: NetName=Net*_28 Pin=U1-5
Added Net: Name=Net*_28
Added Pin To Net: NetName=NetB1_1 Pin=B1-1
Added Pin To Net: NetName=NetB1_1 Pin=U1-2
Added Net: Name=NetB1_1
Added Pin To Net: NetName=NetB1_2 Pin=B1-2
Added Pin To Net: NetName=NetB1_2 Pin=U1-3
Added Net: Name=NetB1_2
Added Pin To Net: NetName=NetB2_1 Pin=B2-1
Added Pin To Net: NetName=NetB2_1 Pin=U1-13
Added Net: Name=NetB2_1
Added Pin To Net: NetName=NetB2_2 Pin=B2-2
Added Pin To Net: NetName=NetB2_2 Pin=U1-14
Added Net: Name=NetB2_2
Added Pin To Net: NetName=NetBT1_1 Pin=BT1-1
Added Pin To Net: NetName=NetBT1_1 Pin=C1-1
Added Pin To Net: NetName=NetBT1_1 Pin=U2-1
Added Net: Name=NetBT1_1
Added Pin To Net: NetName=P30 Pin=HC-05-3
Added Net: Name=P30
Added Pin To Net: NetName=P31 Pin=*-11
Added Pin To Net: NetName=P31 Pin=HC-05-2
Added Net: Name=P31
Added Pin To Net: NetName=VCC Pin=*-40
Added Pin To Net: NetName=VCC Pin=C2-1
Added Pin To Net: NetName=VCC Pin=C3-1
Added Pin To Net: NetName=VCC Pin=D1-2
Added Pin To Net: NetName=VCC Pin=HC-05-5
Added Pin To Net: NetName=VCC Pin=L1-1
Added Pin To Net: NetName=VCC Pin=L1-2
Added Pin To Net: NetName=VCC Pin=S1-2
Added Pin To Net: NetName=VCC Pin=U1-9
Added Pin To Net: NetName=VCC Pin=U2-2
Added Pin To Net: NetName=VCC Pin=U2-4
Added Net: Name=VCC
Added Class: Name=CAR
Added Room: Name=CAR
