Added Component: Designator=C1(CAPPR1.5-4x5)
Added Component: Designator=C2(CAPR2.54-5.1x3.2)
Added Component: Designator=C3(CAPR2.54-5.1x3.2)
Added Component: Designator=D1(DIO7.1-3.9x1.9)
Added Component: Designator=D2(DIO7.1-3.9x1.9)
Added Component: Designator=D3(DIO7.1-3.9x1.9)
Added Component: Designator=D4(DIO7.1-3.9x1.9)
Added Component: Designator=D5(DIO7.1-3.9x1.9)
Added Component: Designator=D6(DIO7.1-3.9x1.9)
Added Component: Designator=D7(DIO7.1-3.9x1.9)
Added Component: Designator=D8(DIO7.1-3.9x1.9)
Added Component: Designator=D9(LED-1)
Added Component: Designator=D10(LED-1)
Added Component: Designator=D11(LED-1)
Added Component: Designator=D12(LED-1)
Added Component: Designator=D13(LED-1)
Added Component: Designator=D14(LED-1)
Added Component: Designator=D15(LED-1)
Added Component: Designator=D16(LED-1)
Added Component: Designator=HC-05(HDR1X6)
Added Component: Designator=LS1(PIN2)
Added Component: Designator=P1(HDR1X2)
Added Component: Designator=P2(HDR1X2)
Added Component: Designator=P3(HDR1X2)
Added Component: Designator=P4(HDR1X2)
Added Component: Designator=P5(HDR1X2)
Added Component: Designator=P6(HDR1X4)
Added Component: Designator=P7(HDR1X4)
Added Component: Designator=Q1(BCY-W3)
Added Component: Designator=Q2(BCY-W3)
Added Component: Designator=Q3(BCY-W3)
Added Component: Designator=R1(AXIAL-0.4)
Added Component: Designator=R2(AXIAL-0.4)
Added Component: Designator=R3(AXIAL-0.4)
Added Component: Designator=R4(AXIAL-0.4)
Added Component: Designator=R5(AXIAL-0.4)
Added Component: Designator=R6(AXIAL-0.4)
Added Component: Designator=R7(AXIAL-0.4)
Added Component: Designator=R8(AXIAL-0.4)
Added Component: Designator=S1(SPST-2)
Added Component: Designator=Y1(BCY-W2/D3.1)
Added Pin To Net: NetName=VCC Pin=C1-1
Added Pin To Net: NetName=GND Pin=C2-1
Added Pin To Net: NetName=VCC Pin=C2-2
Added Pin To Net: NetName=GND Pin=C3-1
Added Pin To Net: NetName=NetC3_2 Pin=C3-2
Added Pin To Net: NetName=NetD1_1 Pin=D1-1
Added Pin To Net: NetName=VM Pin=D1-2
Added Pin To Net: NetName=NetD2_1 Pin=D2-1
Added Pin To Net: NetName=VM Pin=D2-2
Added Pin To Net: NetName=NetD3_1 Pin=D3-1
Added Pin To Net: NetName=VM Pin=D3-2
Added Pin To Net: NetName=NetD4_1 Pin=D4-1
Added Pin To Net: NetName=VM Pin=D4-2
Added Pin To Net: NetName=GND Pin=D5-1
Added Pin To Net: NetName=NetD1_1 Pin=D5-2
Added Pin To Net: NetName=GND Pin=D6-1
Added Pin To Net: NetName=NetD2_1 Pin=D6-2
Added Pin To Net: NetName=GND Pin=D7-1
Added Pin To Net: NetName=NetD3_1 Pin=D7-2
Added Pin To Net: NetName=GND Pin=D8-1
Added Pin To Net: NetName=NetD4_1 Pin=D8-2
Added Pin To Net: NetName=VCC Pin=D9-1
Added Pin To Net: NetName=LED3 Pin=D9-2
Added Pin To Net: NetName=VCC Pin=D10-1
Added Pin To Net: NetName=LED4 Pin=D10-2
Added Pin To Net: NetName=VCC Pin=D11-1
Added Pin To Net: NetName=LED5 Pin=D11-2
Added Pin To Net: NetName=VCC Pin=D12-1
Added Pin To Net: NetName=LED6 Pin=D12-2
Added Pin To Net: NetName=NetD14_1 Pin=D14-1
Added Pin To Net: NetName=LED0 Pin=D14-2
Added Pin To Net: NetName=NetD16_1 Pin=D16-1
Added Pin To Net: NetName=LED0 Pin=D16-2
Added Pin To Net: NetName=P31 Pin=HC-05-2
Added Pin To Net: NetName=K1 Pin=HC-05-3
Added Pin To Net: NetName=GND Pin=HC-05-4
Added Pin To Net: NetName=VCC Pin=HC-05-5
Added Pin To Net: NetName=P32 Pin=HC-05-6
Added Pin To Net: NetName=NetLS1_1 Pin=LS1-1
Added Pin To Net: NetName=VCC Pin=LS1-2
Added Pin To Net: NetName=NetD1_1 Pin=P1-1
Added Pin To Net: NetName=NetD2_1 Pin=P1-2
Added Pin To Net: NetName=NetD3_1 Pin=P2-1
Added Pin To Net: NetName=NetD4_1 Pin=P2-2
Added Pin To Net: NetName=GND Pin=P3-1
Added Pin To Net: NetName=VM Pin=P3-2
Added Pin To Net: NetName=NetC3_2 Pin=P4-1
Added Pin To Net: NetName=GND Pin=P4-2
Added Pin To Net: NetName=GND Pin=P5-1
Added Pin To Net: NetName=VBAT Pin=P5-2
Added Pin To Net: NetName=RED0- Pin=P6-1
Added Pin To Net: NetName=RED0+ Pin=P6-2
Added Pin To Net: NetName=LED0 Pin=P6-3
Added Pin To Net: NetName=LED0+ Pin=P6-4
Added Pin To Net: NetName=RED0- Pin=P7-1
Added Pin To Net: NetName=RED0+ Pin=P7-2
Added Pin To Net: NetName=LED0 Pin=P7-3
Added Pin To Net: NetName=LED0+ Pin=P7-4
Added Pin To Net: NetName=NetLS1_1 Pin=Q1-1
Added Pin To Net: NetName=NetQ1_2 Pin=Q1-2
Added Pin To Net: NetName=GND Pin=Q1-3
Added Pin To Net: NetName=RED0 Pin=Q2-1
Added Pin To Net: NetName=RED0- Pin=Q2-2
Added Pin To Net: NetName=GND Pin=Q2-3
Added Pin To Net: NetName=RED1 Pin=Q3-1
Added Pin To Net: NetName=RED1- Pin=Q3-2
Added Pin To Net: NetName=GND Pin=Q3-3
Added Pin To Net: NetName=GND Pin=R1-1
Added Pin To Net: NetName=NetQ1_2 Pin=R2-1
Added Pin To Net: NetName=BELL Pin=R2-2
Added Pin To Net: NetName=NetD14_1 Pin=R3-1
Added Pin To Net: NetName=VCC Pin=R3-2
Added Pin To Net: NetName=RED0 Pin=R4-1
Added Pin To Net: NetName=VCC Pin=R4-2
Added Pin To Net: NetName=GND Pin=R5-1
Added Pin To Net: NetName=RED0- Pin=R5-2
Added Pin To Net: NetName=NetD16_1 Pin=R6-1
Added Pin To Net: NetName=VCC Pin=R6-2
Added Pin To Net: NetName=RED1 Pin=R7-1
Added Pin To Net: NetName=VCC Pin=R7-2
Added Pin To Net: NetName=GND Pin=R8-1
Added Pin To Net: NetName=RED1- Pin=R8-2
Added Pin To Net: NetName=VCC Pin=S1-2
Added Pin To Net: NetName=NetC1_2 Pin=C1-2
Added Pin To Net: NetName=NetC1_2 Pin=R1-2
Added Pin To Net: NetName=NetC1_2 Pin=S1-1
Added Net: Name=NetC1_2
Added Pin To Net: NetName=NetC4_2 Pin=C4-2
Added Pin To Net: NetName=NetC4_2 Pin=Y1-1
Added Net: Name=NetC4_2
Added Pin To Net: NetName=NetC5_2 Pin=C5-2
Added Pin To Net: NetName=NetC5_2 Pin=Y1-2
Added Net: Name=NetC5_2
Added Member To Class: ClassName=CAR Member=Component C1 Cap Pol1
Added Member To Class: ClassName=CAR Member=Component C2 Cap
Added Member To Class: ClassName=CAR Member=Component C3 Cap
Added Member To Class: ClassName=CAR Member=Component D1 Diode 1N914
Added Member To Class: ClassName=CAR Member=Component D2 Diode 1N914
Added Member To Class: ClassName=CAR Member=Component D3 Diode 1N914
Added Member To Class: ClassName=CAR Member=Component D4 Diode 1N914
Added Member To Class: ClassName=CAR Member=Component D5 Diode 1N914
Added Member To Class: ClassName=CAR Member=Component D6 Diode 1N914
Added Member To Class: ClassName=CAR Member=Component D7 Diode 1N914
Added Member To Class: ClassName=CAR Member=Component D8 Diode 1N914
Added Member To Class: ClassName=CAR Member=Component D9 
Added Member To Class: ClassName=CAR Member=Component D10 
Added Member To Class: ClassName=CAR Member=Component D11 
Added Member To Class: ClassName=CAR Member=Component D12 
Added Member To Class: ClassName=CAR Member=Component D13 RED
Added Member To Class: ClassName=CAR Member=Component D14 
Added Member To Class: ClassName=CAR Member=Component D15 RED
Added Member To Class: ClassName=CAR Member=Component D16 
Added Member To Class: ClassName=CAR Member=Component HC-05 Header 6
Added Member To Class: ClassName=CAR Member=Component LS1 Bell
Added Member To Class: ClassName=CAR Member=Component P1 电机1
Added Member To Class: ClassName=CAR Member=Component P2 电机2
Added Member To Class: ClassName=CAR Member=Component P3 VS12v
Added Member To Class: ClassName=CAR Member=Component P4 VCC 5V
Added Member To Class: ClassName=CAR Member=Component P5 7-12V
Added Member To Class: ClassName=CAR Member=Component P6 Header 4
Added Member To Class: ClassName=CAR Member=Component P7 Header 4
Added Member To Class: ClassName=CAR Member=Component Q1 NPN
Added Member To Class: ClassName=CAR Member=Component Q2 NPN
Added Member To Class: ClassName=CAR Member=Component Q3 NPN
Added Member To Class: ClassName=CAR Member=Component R1 Res2
Added Member To Class: ClassName=CAR Member=Component R2 10K
Added Member To Class: ClassName=CAR Member=Component R3 4.7K
Added Member To Class: ClassName=CAR Member=Component R4 4.7K
Added Member To Class: ClassName=CAR Member=Component R5 47K
Added Member To Class: ClassName=CAR Member=Component R6 4.7K
Added Member To Class: ClassName=CAR Member=Component R7 4.7K
Added Member To Class: ClassName=CAR Member=Component R8 47K
Added Member To Class: ClassName=CAR Member=Component S1 SW-PB
Added Member To Class: ClassName=CAR Member=Component Y1 XTAL
Added Room: Name=CAR
