Removed Pin From Net: NetName=VCC Pin=C3-1
Removed Pin From Net: NetName=Net*_9 Pin=C3-2
Removed Member From Class: ClassName=CAR Member=C3
Removed Member From Class: ClassName=CAR Member=C3
Added Component: Designator=*(DIP-40)
Added Component: Designator=C1(CAPPR1.27-1.7x2.8)
Added Component: Designator=D1(DIO7.1-3.9x1.9)
Added Component: Designator=D2(DIO7.1-3.9x1.9)
Added Component: Designator=D3(DIO7.1-3.9x1.9)
Added Component: Designator=D4(DIO7.1-3.9x1.9)
Added Component: Designator=D5(DIO7.1-3.9x1.9)
Added Component: Designator=D6(DIO7.1-3.9x1.9)
Added Component: Designator=D7(DIO7.1-3.9x1.9)
Added Component: Designator=D8(DIO7.1-3.9x1.9)
Added Component: Designator=HC-05(HDR1X6)
Added Component: Designator=P1(HDR1X2)
Added Component: Designator=P2(HDR1X2)
Added Component: Designator=P3(HDR1X2)
Added Component: Designator=P4(HDR1X2)
Added Component: Designator=R1(AXIAL-0.4)
Added Component: Designator=S1(SPST-2)
Added Component: Designator=U1(Multiwatt15V)
Added Component: Designator=Y1(BCY-W2/D3.1)
Added Pin To Net: NetName=P32 Pin=*-1
Added Pin To Net: NetName=Net*_9 Pin=*-9
Added Pin To Net: NetName=K1 Pin=*-10
Added Pin To Net: NetName=P31 Pin=*-11
Added Pin To Net: NetName=Net*_18 Pin=*-18
Added Pin To Net: NetName=Net*_19 Pin=*-19
Added Pin To Net: NetName=GND Pin=*-20
Added Pin To Net: NetName=5 Pin=*-23
Added Pin To Net: NetName=6 Pin=*-24
Added Pin To Net: NetName=7 Pin=*-25
Added Pin To Net: NetName=10 Pin=*-26
Added Pin To Net: NetName=11 Pin=*-27
Added Pin To Net: NetName=12 Pin=*-28
Added Pin To Net: NetName=VCC Pin=*-40
Added Pin To Net: NetName=VCC Pin=C1-1
Added Pin To Net: NetName=Net*_9 Pin=C1-2
Added Pin To Net: NetName=NetD1_1 Pin=D1-1
Added Pin To Net: NetName=NetD1_2 Pin=D1-2
Added Pin To Net: NetName=NetD2_1 Pin=D2-1
Added Pin To Net: NetName=NetD1_2 Pin=D2-2
Added Pin To Net: NetName=NetD3_1 Pin=D3-1
Added Pin To Net: NetName=NetD1_2 Pin=D3-2
Added Pin To Net: NetName=NetD4_1 Pin=D4-1
Added Pin To Net: NetName=NetD1_2 Pin=D4-2
Added Pin To Net: NetName=GND Pin=D5-1
Added Pin To Net: NetName=NetD1_1 Pin=D5-2
Added Pin To Net: NetName=GND Pin=D6-1
Added Pin To Net: NetName=NetD2_1 Pin=D6-2
Added Pin To Net: NetName=GND Pin=D7-1
Added Pin To Net: NetName=NetD3_1 Pin=D7-2
Added Pin To Net: NetName=GND Pin=D8-1
Added Pin To Net: NetName=NetD4_1 Pin=D8-2
Added Pin To Net: NetName=P31 Pin=HC-05-2
Added Pin To Net: NetName=K1 Pin=HC-05-3
Added Pin To Net: NetName=GND Pin=HC-05-4
Added Pin To Net: NetName=VCC Pin=HC-05-5
Added Pin To Net: NetName=P32 Pin=HC-05-6
Added Pin To Net: NetName=NetD1_1 Pin=P1-1
Added Pin To Net: NetName=NetD2_1 Pin=P1-2
Added Pin To Net: NetName=NetD3_1 Pin=P2-1
Added Pin To Net: NetName=NetD4_1 Pin=P2-2
Added Pin To Net: NetName=NetD1_2 Pin=P3-1
Added Pin To Net: NetName=GND Pin=P3-2
Added Pin To Net: NetName=VCC Pin=P4-1
Added Pin To Net: NetName=GND Pin=P4-2
Added Pin To Net: NetName=GND Pin=R1-1
Added Pin To Net: NetName=Net*_9 Pin=R1-2
Added Pin To Net: NetName=Net*_9 Pin=S1-1
Added Pin To Net: NetName=VCC Pin=S1-2
Added Pin To Net: NetName=GND Pin=U1-1
Added Pin To Net: NetName=NetD1_1 Pin=U1-2
Added Pin To Net: NetName=NetD2_1 Pin=U1-3
Added Pin To Net: NetName=NetD1_2 Pin=U1-4
Added Pin To Net: NetName=5 Pin=U1-5
Added Pin To Net: NetName=6 Pin=U1-6
Added Pin To Net: NetName=7 Pin=U1-7
Added Pin To Net: NetName=GND Pin=U1-8
Added Pin To Net: NetName=VCC Pin=U1-9
Added Pin To Net: NetName=10 Pin=U1-10
Added Pin To Net: NetName=11 Pin=U1-11
Added Pin To Net: NetName=12 Pin=U1-12
Added Pin To Net: NetName=NetD3_1 Pin=U1-13
Added Pin To Net: NetName=NetD4_1 Pin=U1-14
Added Pin To Net: NetName=GND Pin=U1-15
Added Pin To Net: NetName=Net*_18 Pin=Y1-1
Added Pin To Net: NetName=Net*_19 Pin=Y1-2
Added Member To Class: ClassName=CAR Member=Component * STC89C52
Added Member To Class: ClassName=CAR Member=Component C1 Cap Pol1
Added Member To Class: ClassName=CAR Member=Component D1 Diode 1N914
Added Member To Class: ClassName=CAR Member=Component D2 Diode 1N914
Added Member To Class: ClassName=CAR Member=Component D3 Diode 1N914
Added Member To Class: ClassName=CAR Member=Component D4 Diode 1N914
Added Member To Class: ClassName=CAR Member=Component D5 Diode 1N914
Added Member To Class: ClassName=CAR Member=Component D6 Diode 1N914
Added Member To Class: ClassName=CAR Member=Component D7 Diode 1N914
Added Member To Class: ClassName=CAR Member=Component D8 Diode 1N914
Added Member To Class: ClassName=CAR Member=Component HC-05 Header 6
Added Member To Class: ClassName=CAR Member=Component P1 电机1
Added Member To Class: ClassName=CAR Member=Component P2 电机2
Added Member To Class: ClassName=CAR Member=Component P3 VS12v
Added Member To Class: ClassName=CAR Member=Component P4 VCC 5V
Added Member To Class: ClassName=CAR Member=Component R1 Res2
Added Member To Class: ClassName=CAR Member=Component S1 SW-PB
Added Member To Class: ClassName=CAR Member=Component U1 L298N
Added Member To Class: ClassName=CAR Member=Component Y1 XTAL
Added Room: Name=CAR
