Removed Pin From Net: NetName=NetD1_2 Pin=P3-1
Removed Pin From Net: NetName=GND Pin=P3-2
Removed Pin From Net: NetName=VCC Pin=P4-1
Change Component Footprint: Designator=C1 Old Footprint=CAPPR1.27-1.7x2.8 New Footprint=CAPPR1.5-4x5
Added Component: Designator=C2(CAPR2.54-5.1x3.2)
Added Component: Designator=C3(CAPR2.54-5.1x3.2)
Added Component: Designator=D9(LED-1)
Added Component: Designator=D10(LED-1)
Added Component: Designator=D11(LED-1)
Added Component: Designator=D12(LED-1)
Added Component: Designator=D13(LED-1)
Added Component: Designator=D14(LED-1)
Added Component: Designator=D15(LED-1)
Added Component: Designator=LS1(PIN2)
Added Component: Designator=P5(HDR1X2)
Added Component: Designator=P6(HDR1X4)
Added Component: Designator=P7(HDR1X4)
Added Component: Designator=Q1(BCY-W3)
Added Component: Designator=Q2(BCY-W3)
Added Component: Designator=Q3(BCY-W3)
Added Component: Designator=R2(AXIAL-0.4)
Added Component: Designator=R3(AXIAL-0.4)
Added Component: Designator=R4(AXIAL-0.4)
Added Component: Designator=R5(AXIAL-0.4)
Added Component: Designator=R6(AXIAL-0.4)
Added Component: Designator=R7(AXIAL-0.4)
Added Component: Designator=R8(AXIAL-0.4)
Added Pin To Net: NetName=GND Pin=C2-1
Added Pin To Net: NetName=VCC Pin=C2-2
Added Pin To Net: NetName=GND Pin=C3-1
Added Pin To Net: NetName=VCC Pin=D9-1
Added Pin To Net: NetName=VCC Pin=D10-1
Added Pin To Net: NetName=VCC Pin=D11-1
Added Pin To Net: NetName=VCC Pin=D12-1
Added Pin To Net: NetName=VCC Pin=LS1-2
Added Pin To Net: NetName=GND Pin=P3-1
Added Pin To Net: NetName=NetD1_2 Pin=P3-2
Added Pin To Net: NetName=GND Pin=P5-1
Added Pin To Net: NetName=GND Pin=Q1-3
Added Pin To Net: NetName=GND Pin=Q2-3
Added Pin To Net: NetName=GND Pin=Q3-3
Added Pin To Net: NetName=VCC Pin=R3-2
Added Pin To Net: NetName=VCC Pin=R4-2
Added Pin To Net: NetName=GND Pin=R5-1
Added Pin To Net: NetName=VCC Pin=R6-2
Added Pin To Net: NetName=VCC Pin=R7-2
Added Pin To Net: NetName=GND Pin=R8-1
Change Net Name : Old Net Name=NetD1_2 New Net Name=VM
Added Pin To Net: NetName=BELL Pin=R2-2
Added Net: Name=BELL
Added Pin To Net: NetName=LED0+ Pin=P6-4
Added Pin To Net: NetName=LED0+ Pin=P7-4
Added Net: Name=LED0+
Added Pin To Net: NetName=LED0 Pin=D14-2
Added Pin To Net: NetName=LED0 Pin=P6-3
Added Pin To Net: NetName=LED0 Pin=P7-3
Added Net: Name=LED0
Added Pin To Net: NetName=LED3 Pin=D9-2
Added Net: Name=LED3
Added Pin To Net: NetName=LED4 Pin=*-38
Added Pin To Net: NetName=LED4 Pin=D10-2
Added Net: Name=LED4
Added Pin To Net: NetName=LED5 Pin=D11-2
Added Net: Name=LED5
Added Pin To Net: NetName=LED6 Pin=D12-2
Added Net: Name=LED6
Added Pin To Net: NetName=NetC3_2 Pin=C3-2
Added Pin To Net: NetName=NetC3_2 Pin=P4-1
Added Net: Name=NetC3_2
Added Pin To Net: NetName=NetD14_1 Pin=D14-1
Added Pin To Net: NetName=NetD14_1 Pin=R3-1
Added Net: Name=NetD14_1
Added Pin To Net: NetName=NetD16_1 Pin=R6-1
Added Net: Name=NetD16_1
Added Pin To Net: NetName=NetLS1_1 Pin=LS1-1
Added Pin To Net: NetName=NetLS1_1 Pin=Q1-1
Added Net: Name=NetLS1_1
Added Pin To Net: NetName=NetQ1_2 Pin=Q1-2
Added Pin To Net: NetName=NetQ1_2 Pin=R2-1
Added Net: Name=NetQ1_2
Added Pin To Net: NetName=RED0+ Pin=P6-2
Added Pin To Net: NetName=RED0+ Pin=P7-2
Added Net: Name=RED0+
Added Pin To Net: NetName=RED0- Pin=P6-1
Added Pin To Net: NetName=RED0- Pin=P7-1
Added Pin To Net: NetName=RED0- Pin=Q2-2
Added Pin To Net: NetName=RED0- Pin=R5-2
Added Net: Name=RED0-
Added Pin To Net: NetName=RED0 Pin=Q2-1
Added Pin To Net: NetName=RED0 Pin=R4-1
Added Net: Name=RED0
Added Pin To Net: NetName=RED1- Pin=Q3-2
Added Pin To Net: NetName=RED1- Pin=R8-2
Added Net: Name=RED1-
Added Pin To Net: NetName=RED1 Pin=Q3-1
Added Pin To Net: NetName=RED1 Pin=R7-1
Added Net: Name=RED1
Added Pin To Net: NetName=VBAT Pin=P5-2
Added Net: Name=VBAT
Added Member To Class: ClassName=CAR Member=Component C2 Cap
Added Member To Class: ClassName=CAR Member=Component C3 Cap
Added Member To Class: ClassName=CAR Member=Component D9 
Added Member To Class: ClassName=CAR Member=Component D10 
Added Member To Class: ClassName=CAR Member=Component D11 
Added Member To Class: ClassName=CAR Member=Component D12 
Added Member To Class: ClassName=CAR Member=Component D13 RED
Added Member To Class: ClassName=CAR Member=Component D14 
Added Member To Class: ClassName=CAR Member=Component D15 RED
Added Member To Class: ClassName=CAR Member=Component LS1 Bell
Added Member To Class: ClassName=CAR Member=Component P5 7-12V
Added Member To Class: ClassName=CAR Member=Component P6 Header 4
Added Member To Class: ClassName=CAR Member=Component P7 Header 4
Added Member To Class: ClassName=CAR Member=Component Q1 NPN
Added Member To Class: ClassName=CAR Member=Component Q2 NPN
Added Member To Class: ClassName=CAR Member=Component Q3 NPN
Added Member To Class: ClassName=CAR Member=Component R2 10K
Added Member To Class: ClassName=CAR Member=Component R3 4.7K
Added Member To Class: ClassName=CAR Member=Component R4 4.7K
Added Member To Class: ClassName=CAR Member=Component R5 47K
Added Member To Class: ClassName=CAR Member=Component R6 4.7K
Added Member To Class: ClassName=CAR Member=Component R7 4.7K
Added Member To Class: ClassName=CAR Member=Component R8 47K
